{"level":"info","message":"Logger initialized","timestamp":"2025-09-11T13:07:19.643Z"}
{"level":"info","message":"Boot: starting app","timestamp":"2025-09-11T13:07:19.644Z"}
{"level":"info","message":"Boot: DB connected","timestamp":"2025-09-11T13:07:19.704Z"}
{"level":"info","message":"Boot: HTTP server listening","port":3000,"timestamp":"2025-09-11T13:07:19.706Z"}
{"level":"info","message":"Logger initialized","timestamp":"2025-09-11T14:10:45.534Z"}
{"level":"info","message":"Boot: starting app","timestamp":"2025-09-11T14:10:45.534Z"}
{"level":"info","message":"Boot: DB connected","timestamp":"2025-09-11T14:10:45.607Z"}
{"level":"info","message":"Boot: HTTP server listening","port":3000,"timestamp":"2025-09-11T14:10:45.609Z"}
{"level":"info","message":"Logger initialized","timestamp":"2025-09-11T14:10:55.786Z"}
{"level":"info","message":"Boot: starting app","timestamp":"2025-09-11T14:10:55.786Z"}
{"level":"info","message":"Boot: DB connected","timestamp":"2025-09-11T14:10:55.851Z"}
{"level":"info","message":"Boot: HTTP server listening","port":3000,"timestamp":"2025-09-11T14:10:55.852Z"}
{"level":"info","message":"Logger initialized","timestamp":"2025-09-11T14:11:07.587Z"}
{"level":"info","message":"Boot: starting app","timestamp":"2025-09-11T14:11:07.588Z"}
{"level":"info","message":"Boot: DB connected","timestamp":"2025-09-11T14:11:07.644Z"}
{"level":"info","message":"Boot: HTTP server listening","port":3000,"timestamp":"2025-09-11T14:11:07.645Z"}
{"level":"info","message":"Logger initialized","timestamp":"2025-09-11T14:40:55.085Z"}
{"level":"info","message":"Boot: starting app","timestamp":"2025-09-11T14:40:55.085Z"}
{"level":"info","message":"Boot: DB connected","timestamp":"2025-09-11T14:40:55.152Z"}
{"level":"info","message":"Boot: HTTP server listening","port":3000,"timestamp":"2025-09-11T14:40:55.154Z"}
{"ip":"::1","level":"info","message":"HTTP IN","method":"POST","timestamp":"2025-09-11T14:41:15.231Z","url":"/api/v1/auth/login"}
{"at":"2025-09-11T14:41:15.372Z","email":"bkaraca459@gmail.com","level":"warn","message":"login.failed","reason":"INVALID_PASS","timestamp":"2025-09-11T14:41:15.372Z"}
{"durationMs":142.7,"level":"info","message":"HTTP OUT","method":"POST","statusCode":401,"timestamp":"2025-09-11T14:41:15.373Z","url":"/api/v1/auth/login"}
{"ip":"::1","level":"info","message":"HTTP IN","method":"POST","timestamp":"2025-09-11T14:41:24.093Z","url":"/api/v1/auth/login"}
{"durationMs":130.9,"level":"info","message":"HTTP OUT","method":"POST","statusCode":200,"timestamp":"2025-09-11T14:41:24.224Z","url":"/api/v1/auth/login"}
{"ip":"::1","level":"info","message":"HTTP IN","method":"GET","timestamp":"2025-09-11T14:41:38.730Z","url":"/api/v1/auth/profile"}
{"durationMs":14.5,"level":"info","message":"HTTP OUT","method":"GET","statusCode":200,"timestamp":"2025-09-11T14:41:38.744Z","url":"/api/v1/auth/profile"}
{"level":"info","message":"Logger initialized","timestamp":"2025-09-11T14:46:43.430Z"}
{"level":"info","message":"Boot: starting app","timestamp":"2025-09-11T14:46:43.431Z"}
{"level":"info","message":"Boot: DB connected","timestamp":"2025-09-11T14:46:43.484Z"}
{"level":"info","message":"Boot: HTTP server listening","port":3000,"timestamp":"2025-09-11T14:46:43.485Z"}
{"level":"info","message":"Logger initialized","timestamp":"2025-09-11T14:46:44.927Z"}
{"level":"info","message":"Boot: starting app","timestamp":"2025-09-11T14:46:44.927Z"}
{"level":"info","message":"Boot: DB connected","timestamp":"2025-09-11T14:46:44.983Z"}
{"level":"info","message":"Boot: HTTP server listening","port":3000,"timestamp":"2025-09-11T14:46:44.983Z"}
{"level":"info","message":"Logger initialized","timestamp":"2025-09-11T14:46:58.920Z"}
{"level":"info","message":"Boot: starting app","timestamp":"2025-09-11T14:46:58.920Z"}
{"level":"info","message":"Boot: DB connected","timestamp":"2025-09-11T14:46:58.983Z"}
{"level":"info","message":"Boot: HTTP server listening","port":3000,"timestamp":"2025-09-11T14:46:58.984Z"}
{"level":"info","message":"Logger initialized","timestamp":"2025-09-11T14:47:00.059Z"}
{"level":"info","message":"Boot: starting app","timestamp":"2025-09-11T14:47:00.059Z"}
{"level":"info","message":"Boot: DB connected","timestamp":"2025-09-11T14:47:00.113Z"}
{"level":"info","message":"Boot: HTTP server listening","port":3000,"timestamp":"2025-09-11T14:47:00.114Z"}
{"level":"info","message":"Logger initialized","timestamp":"2025-09-11T14:47:16.447Z"}
{"level":"info","message":"Boot: starting app","timestamp":"2025-09-11T14:47:16.447Z"}
{"level":"info","message":"Boot: DB connected","timestamp":"2025-09-11T14:47:16.502Z"}
{"level":"info","message":"Boot: HTTP server listening","port":3000,"timestamp":"2025-09-11T14:47:16.503Z"}
{"level":"info","message":"Logger initialized","timestamp":"2025-09-12T08:32:38.117Z"}
{"level":"info","message":"Boot: starting app","timestamp":"2025-09-12T08:32:38.117Z"}
{"level":"info","message":"Boot: DB connected","timestamp":"2025-09-12T08:32:38.203Z"}
{"level":"info","message":"Boot: HTTP server listening","port":3000,"timestamp":"2025-09-12T08:32:38.205Z"}
{"level":"info","message":"Logger initialized","timestamp":"2025-09-15T08:16:13.070Z"}
{"level":"info","message":"Boot: starting app","timestamp":"2025-09-15T08:16:13.071Z"}
{"level":"info","message":"Boot: DB connected","timestamp":"2025-09-15T08:16:13.164Z"}
{"level":"info","message":"Boot: HTTP server listening","port":3000,"timestamp":"2025-09-15T08:16:13.165Z"}
{"ip":"::1","level":"info","message":"HTTP IN","method":"POST","timestamp":"2025-09-15T08:17:14.722Z","url":"/api/v1/auth/register"}
{"durationMs":178.6,"level":"info","message":"HTTP OUT","method":"POST","statusCode":201,"timestamp":"2025-09-15T08:17:14.900Z","url":"/api/v1/auth/register"}
{"ip":"::1","level":"info","message":"HTTP IN","method":"POST","timestamp":"2025-09-15T08:17:50.111Z","url":"/api/v1/otp/send-otp"}
{"durationMs":26.6,"level":"info","message":"HTTP OUT","method":"POST","statusCode":200,"timestamp":"2025-09-15T08:17:50.137Z","url":"/api/v1/otp/send-otp"}
{"ip":"::1","level":"info","message":"HTTP IN","method":"POST","timestamp":"2025-09-15T08:30:00.671Z","url":"/api/v1/otp/send-otp"}
{"durationMs":25,"level":"info","message":"HTTP OUT","method":"POST","statusCode":200,"timestamp":"2025-09-15T08:30:00.695Z","url":"/api/v1/otp/send-otp"}
{"level":"info","message":"Logger initialized","timestamp":"2025-09-15T08:30:35.933Z"}
{"level":"info","message":"Boot: starting app","timestamp":"2025-09-15T08:30:35.934Z"}
{"level":"info","message":"Boot: DB connected","timestamp":"2025-09-15T08:30:35.994Z"}
{"level":"info","message":"Boot: HTTP server listening","port":3000,"timestamp":"2025-09-15T08:30:35.995Z"}
{"ip":"::1","level":"info","message":"HTTP IN","method":"POST","timestamp":"2025-09-15T08:30:50.182Z","url":"/api/v1/otp/send-otp"}
{"durationMs":24.3,"level":"info","message":"HTTP OUT","method":"POST","statusCode":200,"timestamp":"2025-09-15T08:30:50.205Z","url":"/api/v1/otp/send-otp"}
{"ip":"::1","level":"info","message":"HTTP IN","method":"POST","timestamp":"2025-09-15T08:37:01.251Z","url":"/api/v1/otp/send-otp"}
{"durationMs":15.4,"level":"info","message":"HTTP OUT","method":"POST","statusCode":200,"timestamp":"2025-09-15T08:37:01.266Z","url":"/api/v1/otp/send-otp"}
{"level":"info","message":"Logger initialized","timestamp":"2025-09-15T08:37:18.107Z"}
{"level":"info","message":"Boot: starting app","timestamp":"2025-09-15T08:37:18.107Z"}
{"level":"info","message":"Boot: DB connected","timestamp":"2025-09-15T08:37:18.165Z"}
{"level":"info","message":"Boot: HTTP server listening","port":3000,"timestamp":"2025-09-15T08:37:18.165Z"}
{"ip":"::1","level":"info","message":"HTTP IN","method":"POST","timestamp":"2025-09-15T08:37:25.574Z","url":"/api/v1/otp/send-otp"}
{"durationMs":12.7,"level":"info","message":"HTTP OUT","method":"POST","statusCode":200,"timestamp":"2025-09-15T08:37:25.586Z","url":"/api/v1/otp/send-otp"}
{"level":"info","message":"Logger initialized","timestamp":"2025-09-15T09:47:21.535Z"}
{"level":"info","message":"Boot: starting app","timestamp":"2025-09-15T09:47:21.536Z"}
{"level":"info","message":"Boot: DB connected","timestamp":"2025-09-15T09:47:21.616Z"}
{"level":"info","message":"Boot: HTTP server listening","port":3000,"timestamp":"2025-09-15T09:47:21.617Z"}
{"ip":"::1","level":"info","message":"HTTP IN","method":"POST","timestamp":"2025-09-15T09:47:26.163Z","url":"/api/v1/otp/send-otp"}
{"durationMs":14.5,"level":"info","message":"HTTP OUT","method":"POST","statusCode":200,"timestamp":"2025-09-15T09:47:26.177Z","url":"/api/v1/otp/send-otp"}
{"ip":"::1","level":"info","message":"HTTP IN","method":"POST","timestamp":"2025-09-15T09:50:47.222Z","url":"/api/v1/otp/send-otp"}
{"durationMs":17.3,"level":"info","message":"HTTP OUT","method":"POST","statusCode":200,"timestamp":"2025-09-15T09:50:47.238Z","url":"/api/v1/otp/send-otp"}
{"level":"info","message":"Logger initialized","timestamp":"2025-09-15T09:51:48.370Z"}
{"level":"info","message":"Boot: starting app","timestamp":"2025-09-15T09:51:48.370Z"}
{"level":"info","message":"Boot: DB connected","timestamp":"2025-09-15T09:51:48.434Z"}
{"level":"info","message":"Boot: HTTP server listening","port":3000,"timestamp":"2025-09-15T09:51:48.435Z"}
{"ip":"::1","level":"info","message":"HTTP IN","method":"POST","timestamp":"2025-09-15T09:51:56.057Z","url":"/api/v1/otp/send-otp"}
{"durationMs":14,"level":"info","message":"HTTP OUT","method":"POST","statusCode":200,"timestamp":"2025-09-15T09:51:56.071Z","url":"/api/v1/otp/send-otp"}
{"level":"info","message":"Logger initialized","timestamp":"2025-09-15T09:58:27.557Z"}
{"level":"info","message":"Boot: starting app","timestamp":"2025-09-15T09:58:27.557Z"}
{"level":"info","message":"Boot: DB connected","timestamp":"2025-09-15T09:58:27.616Z"}
{"level":"info","message":"Boot: HTTP server listening","port":3000,"timestamp":"2025-09-15T09:58:27.617Z"}
{"ip":"::1","level":"info","message":"HTTP IN","method":"POST","timestamp":"2025-09-15T09:58:34.791Z","url":"/api/v1/otp/send-otp"}
{"durationMs":15.4,"level":"info","message":"HTTP OUT","method":"POST","statusCode":200,"timestamp":"2025-09-15T09:58:34.806Z","url":"/api/v1/otp/send-otp"}
{"level":"info","message":"Logger initialized","timestamp":"2025-09-15T11:10:27.424Z"}
{"level":"info","message":"Boot: starting app","timestamp":"2025-09-15T11:10:27.425Z"}
{"level":"info","message":"Boot: DB connected","timestamp":"2025-09-15T11:10:27.489Z"}
{"level":"info","message":"Boot: HTTP server listening","port":3000,"timestamp":"2025-09-15T11:10:27.490Z"}
{"ip":"::1","level":"info","message":"HTTP IN","method":"POST","timestamp":"2025-09-15T11:10:58.105Z","url":"/api/v1/otp/send-otp"}
{"durationMs":26.8,"level":"info","message":"HTTP OUT","method":"POST","statusCode":200,"timestamp":"2025-09-15T11:10:58.132Z","url":"/api/v1/otp/send-otp"}
{"ip":"::1","level":"info","message":"HTTP IN","method":"POST","timestamp":"2025-09-15T11:11:34.425Z","url":"/api/v1/otp/verify-otp"}
{"at":"2025-09-15T11:11:34.456Z","email":"canozge001@gmail.com","level":"info","message":"user.verified","timestamp":"2025-09-15T11:11:34.456Z"}
{"durationMs":32.6,"level":"info","message":"HTTP OUT","method":"POST","statusCode":200,"timestamp":"2025-09-15T11:11:34.458Z","url":"/api/v1/otp/verify-otp"}
{"ip":"::1","level":"info","message":"HTTP IN","method":"POST","timestamp":"2025-09-15T11:11:49.667Z","url":"/api/v1/auth/login"}
{"durationMs":148.2,"level":"info","message":"HTTP OUT","method":"POST","statusCode":200,"timestamp":"2025-09-15T11:11:49.815Z","url":"/api/v1/auth/login"}
{"ip":"::1","level":"info","message":"HTTP IN","method":"GET","timestamp":"2025-09-15T11:12:02.595Z","url":"/api/v1/auth/profile"}
{"durationMs":17,"level":"info","message":"HTTP OUT","method":"GET","statusCode":200,"timestamp":"2025-09-15T11:12:02.612Z","url":"/api/v1/auth/profile"}
{"ip":"::1","level":"info","message":"HTTP IN","method":"POST","timestamp":"2025-09-15T11:12:43.651Z","url":"/api/v1/todo/createTodo"}
{"durationMs":51,"level":"info","message":"HTTP OUT","method":"POST","statusCode":201,"timestamp":"2025-09-15T11:12:43.702Z","url":"/api/v1/todo/createTodo"}
{"ip":"::1","level":"info","message":"HTTP IN","method":"PATCH","timestamp":"2025-09-15T11:13:12.175Z","url":"/api/v1/todo/update"}
{"durationMs":26.1,"level":"info","message":"HTTP OUT","method":"PATCH","statusCode":200,"timestamp":"2025-09-15T11:13:12.201Z","url":"/api/v1/todo/update"}
{"ip":"::1","level":"info","message":"HTTP IN","method":"GET","timestamp":"2025-09-15T11:13:27.252Z","url":"/api/v1/todo/getTodo"}
{"durationMs":18.7,"level":"info","message":"HTTP OUT","method":"GET","statusCode":200,"timestamp":"2025-09-15T11:13:27.270Z","url":"/api/v1/todo/getTodo"}
{"ip":"::1","level":"info","message":"HTTP IN","method":"POST","timestamp":"2025-09-15T11:13:40.424Z","url":"/api/v1/todo/createTodo"}
{"durationMs":22.3,"level":"info","message":"HTTP OUT","method":"POST","statusCode":201,"timestamp":"2025-09-15T11:13:40.446Z","url":"/api/v1/todo/createTodo"}
{"ip":"::1","level":"info","message":"HTTP IN","method":"POST","timestamp":"2025-09-15T11:13:51.108Z","url":"/api/v1/todo/createTodo"}
{"durationMs":20.5,"level":"info","message":"HTTP OUT","method":"POST","statusCode":201,"timestamp":"2025-09-15T11:13:51.129Z","url":"/api/v1/todo/createTodo"}
{"ip":"::1","level":"info","message":"HTTP IN","method":"GET","timestamp":"2025-09-15T11:13:56.332Z","url":"/api/v1/todo/getTodo"}
{"durationMs":5.3,"level":"info","message":"HTTP OUT","method":"GET","statusCode":200,"timestamp":"2025-09-15T11:13:56.337Z","url":"/api/v1/todo/getTodo"}
{"level":"info","message":"Logger initialized","timestamp":"2025-09-15T12:22:37.244Z"}
{"level":"info","message":"Boot: starting app","timestamp":"2025-09-15T12:22:37.244Z"}
{"level":"info","message":"Boot: DB connected","timestamp":"2025-09-15T12:22:37.311Z"}
{"level":"info","message":"Boot: HTTP server listening","port":3000,"timestamp":"2025-09-15T12:22:37.312Z"}
{"level":"info","message":"Logger initialized","timestamp":"2025-09-15T12:39:36.162Z"}
{"level":"info","message":"Boot: starting app","timestamp":"2025-09-15T12:39:36.163Z"}
{"level":"info","message":"Boot: DB connected","timestamp":"2025-09-15T12:39:36.223Z"}
{"level":"info","message":"Boot: HTTP server listening","port":3000,"timestamp":"2025-09-15T12:39:36.224Z"}
{"level":"info","message":"Logger initialized","timestamp":"2025-09-15T13:13:42.536Z"}
{"level":"info","message":"Boot: starting app","timestamp":"2025-09-15T13:13:42.537Z"}
{"level":"info","message":"Boot: DB connected","timestamp":"2025-09-15T13:13:42.602Z"}
{"level":"info","message":"Boot: HTTP server listening","port":3000,"timestamp":"2025-09-15T13:13:42.603Z"}
{"level":"info","message":"Logger initialized","timestamp":"2025-09-15T13:44:34.738Z"}
{"level":"info","message":"Boot: starting app","timestamp":"2025-09-15T13:44:34.739Z"}
{"level":"info","message":"Boot: DB connected","timestamp":"2025-09-15T13:44:34.817Z"}
{"level":"info","message":"Boot: HTTP server listening","port":3000,"timestamp":"2025-09-15T13:44:34.818Z"}
{"ip":"::1","level":"info","message":"HTTP IN","method":"POST","timestamp":"2025-09-15T13:44:52.299Z","url":"/api/v1/auth/login"}
{"level":"info","message":"Logger initialized","timestamp":"2025-09-15T13:49:01.807Z"}
{"level":"info","message":"Boot: starting app","timestamp":"2025-09-15T13:49:01.808Z"}
{"level":"info","message":"Boot: DB connected","timestamp":"2025-09-15T13:49:01.868Z"}
{"level":"info","message":"Boot: HTTP server listening","port":3000,"timestamp":"2025-09-15T13:49:01.869Z"}
{"level":"info","message":"Logger initialized","timestamp":"2025-09-15T13:50:13.517Z"}
{"level":"info","message":"Boot: starting app","timestamp":"2025-09-15T13:50:13.518Z"}
{"level":"info","message":"Boot: DB connected","timestamp":"2025-09-15T13:50:13.574Z"}
{"level":"info","message":"Boot: HTTP server listening","port":3000,"timestamp":"2025-09-15T13:50:13.575Z"}
{"ip":"::1","level":"info","message":"HTTP IN","method":"POST","timestamp":"2025-09-15T13:50:18.204Z","url":"/api/v1/auth/login"}
{"durationMs":129.7,"level":"info","message":"HTTP OUT","method":"POST","statusCode":200,"timestamp":"2025-09-15T13:50:18.333Z","url":"/api/v1/auth/login"}
{"ip":"::1","level":"info","message":"HTTP IN","method":"POST","timestamp":"2025-09-15T13:50:43.905Z","url":"/api/v1/todo/createTodo"}
{"level":"info","message":"Logger initialized","timestamp":"2025-09-15T13:51:40.117Z"}
{"level":"info","message":"Boot: starting app","timestamp":"2025-09-15T13:51:40.117Z"}
{"level":"info","message":"Boot: DB connected","timestamp":"2025-09-15T13:51:40.176Z"}
{"level":"info","message":"Boot: HTTP server listening","port":3000,"timestamp":"2025-09-15T13:51:40.177Z"}
{"ip":"::1","level":"info","message":"HTTP IN","method":"POST","timestamp":"2025-09-15T13:51:43.129Z","url":"/api/v1/todo/createTodo"}
{"durationMs":3.2,"level":"info","message":"HTTP OUT","method":"POST","statusCode":401,"timestamp":"2025-09-15T13:51:43.132Z","url":"/api/v1/todo/createTodo"}
{"ip":"::1","level":"info","message":"HTTP IN","method":"POST","timestamp":"2025-09-15T13:51:59.041Z","url":"/api/v1/auth/login"}
{"durationMs":149.6,"level":"info","message":"HTTP OUT","method":"POST","statusCode":200,"timestamp":"2025-09-15T13:51:59.191Z","url":"/api/v1/auth/login"}
{"ip":"::1","level":"info","message":"HTTP IN","method":"GET","timestamp":"2025-09-15T13:52:05.854Z","url":"/api/v1/auth/profile"}
{"durationMs":10.5,"level":"info","message":"HTTP OUT","method":"GET","statusCode":200,"timestamp":"2025-09-15T13:52:05.863Z","url":"/api/v1/auth/profile"}
{"ip":"::1","level":"info","message":"HTTP IN","method":"POST","timestamp":"2025-09-15T13:52:11.823Z","url":"/api/v1/todo/createTodo"}
{"durationMs":1,"level":"info","message":"HTTP OUT","method":"POST","statusCode":401,"timestamp":"2025-09-15T13:52:11.823Z","url":"/api/v1/todo/createTodo"}
{"level":"info","message":"Logger initialized","timestamp":"2025-09-15T13:54:18.800Z"}
{"level":"info","message":"Boot: starting app","timestamp":"2025-09-15T13:54:18.801Z"}
{"level":"info","message":"Boot: DB connected","timestamp":"2025-09-15T13:54:18.855Z"}
{"level":"info","message":"Boot: HTTP server listening","port":3000,"timestamp":"2025-09-15T13:54:18.856Z"}
{"ip":"::1","level":"info","message":"HTTP IN","method":"POST","timestamp":"2025-09-15T13:54:21.728Z","url":"/api/v1/todo/createTodo"}
{"durationMs":4.8,"level":"info","message":"HTTP OUT","method":"POST","statusCode":401,"timestamp":"2025-09-15T13:54:21.733Z","url":"/api/v1/todo/createTodo"}
{"ip":"::1","level":"info","message":"HTTP IN","method":"POST","timestamp":"2025-09-15T13:54:44.841Z","url":"/api/v1/auth/login"}
{"durationMs":130.9,"level":"info","message":"HTTP OUT","method":"POST","statusCode":200,"timestamp":"2025-09-15T13:54:44.971Z","url":"/api/v1/auth/login"}
{"ip":"::1","level":"info","message":"HTTP IN","method":"POST","timestamp":"2025-09-15T13:54:51.326Z","url":"/api/v1/todo/createTodo"}
{"durationMs":2.3,"level":"info","message":"HTTP OUT","method":"POST","statusCode":401,"timestamp":"2025-09-15T13:54:51.327Z","url":"/api/v1/todo/createTodo"}
{"level":"info","message":"Logger initialized","timestamp":"2025-09-15T13:58:08.954Z"}
{"level":"info","message":"Boot: starting app","timestamp":"2025-09-15T13:58:08.954Z"}
{"level":"info","message":"Boot: DB connected","timestamp":"2025-09-15T13:58:09.018Z"}
{"level":"info","message":"Boot: HTTP server listening","port":3000,"timestamp":"2025-09-15T13:58:09.018Z"}
{"level":"info","message":"Logger initialized","timestamp":"2025-09-15T13:58:40.796Z"}
{"level":"info","message":"Boot: starting app","timestamp":"2025-09-15T13:58:40.796Z"}
{"level":"info","message":"Boot: DB connected","timestamp":"2025-09-15T13:58:40.853Z"}
{"level":"info","message":"Boot: HTTP server listening","port":3000,"timestamp":"2025-09-15T13:58:40.854Z"}
{"level":"info","message":"Logger initialized","timestamp":"2025-09-15T13:58:52.552Z"}
{"level":"info","message":"Boot: starting app","timestamp":"2025-09-15T13:58:52.552Z"}
{"level":"info","message":"Boot: DB connected","timestamp":"2025-09-15T13:58:52.612Z"}
{"level":"info","message":"Boot: HTTP server listening","port":3000,"timestamp":"2025-09-15T13:58:52.612Z"}
{"level":"info","message":"Logger initialized","timestamp":"2025-09-15T13:58:56.911Z"}
{"level":"info","message":"Boot: starting app","timestamp":"2025-09-15T13:58:56.912Z"}
{"level":"info","message":"Boot: DB connected","timestamp":"2025-09-15T13:58:56.970Z"}
{"level":"info","message":"Boot: HTTP server listening","port":3000,"timestamp":"2025-09-15T13:58:56.971Z"}
{"ip":"::1","level":"info","message":"HTTP IN","method":"POST","timestamp":"2025-09-15T13:59:05.964Z","url":"/api/v1/auth/login"}
{"durationMs":165.5,"level":"info","message":"HTTP OUT","method":"POST","statusCode":200,"timestamp":"2025-09-15T13:59:06.129Z","url":"/api/v1/auth/login"}
{"ip":"::1","level":"info","message":"HTTP IN","method":"POST","timestamp":"2025-09-15T13:59:18.848Z","url":"/api/v1/todo/createTodo"}
{"durationMs":2.9,"level":"info","message":"HTTP OUT","method":"POST","statusCode":401,"timestamp":"2025-09-15T13:59:18.851Z","url":"/api/v1/todo/createTodo"}
{"level":"info","message":"Logger initialized","timestamp":"2025-09-15T14:11:54.132Z"}
{"level":"info","message":"Boot: starting app","timestamp":"2025-09-15T14:11:54.132Z"}
{"level":"info","message":"Boot: DB connected","timestamp":"2025-09-15T14:11:54.202Z"}
{"level":"info","message":"Boot: HTTP server listening","port":3000,"timestamp":"2025-09-15T14:11:54.203Z"}
{"ip":"::1","level":"info","message":"HTTP IN","method":"POST","timestamp":"2025-09-15T14:12:05.325Z","url":"/api/v1/todo/createTodo"}
{"durationMs":34.7,"level":"info","message":"HTTP OUT","method":"POST","statusCode":201,"timestamp":"2025-09-15T14:12:05.360Z","url":"/api/v1/todo/createTodo"}
{"ip":"::1","level":"info","message":"HTTP IN","method":"POST","timestamp":"2025-09-15T14:12:51.459Z","url":"/api/v1/auth/login"}
{"durationMs":147.9,"level":"info","message":"HTTP OUT","method":"POST","statusCode":200,"timestamp":"2025-09-15T14:12:51.607Z","url":"/api/v1/auth/login"}
{"ip":"::1","level":"info","message":"HTTP IN","method":"PATCH","timestamp":"2025-09-15T14:13:03.515Z","url":"/api/v1/todo/update"}
{"ip":"::1","level":"info","message":"HTTP IN","method":"POST","timestamp":"2025-09-15T14:13:16.456Z","url":"/api/v1/todo/createTodo"}
{"durationMs":2,"level":"info","message":"HTTP OUT","method":"POST","statusCode":403,"timestamp":"2025-09-15T14:13:16.458Z","url":"/api/v1/todo/createTodo"}
{"ip":"::1","level":"info","message":"HTTP IN","method":"PATCH","timestamp":"2025-09-15T14:13:50.201Z","url":"/api/v1/todo/update"}
{"level":"info","message":"Logger initialized","timestamp":"2025-09-15T14:14:23.994Z"}
{"level":"info","message":"Boot: starting app","timestamp":"2025-09-15T14:14:23.994Z"}
{"level":"info","message":"Boot: DB connected","timestamp":"2025-09-15T14:14:24.065Z"}
{"level":"info","message":"Boot: HTTP server listening","port":3000,"timestamp":"2025-09-15T14:14:24.066Z"}
{"ip":"::1","level":"info","message":"HTTP IN","method":"PATCH","timestamp":"2025-09-15T14:14:27.102Z","url":"/api/v1/todo/update"}
{"durationMs":5.3,"level":"info","message":"HTTP OUT","method":"PATCH","statusCode":401,"timestamp":"2025-09-15T14:14:27.107Z","url":"/api/v1/todo/update"}
{"ip":"::1","level":"info","message":"HTTP IN","method":"POST","timestamp":"2025-09-15T14:14:50.324Z","url":"/api/v1/auth/login"}
{"durationMs":153.2,"level":"info","message":"HTTP OUT","method":"POST","statusCode":200,"timestamp":"2025-09-15T14:14:50.477Z","url":"/api/v1/auth/login"}
{"ip":"::1","level":"info","message":"HTTP IN","method":"PATCH","timestamp":"2025-09-15T14:15:08.158Z","url":"/api/v1/todo/update"}
{"durationMs":39.2,"level":"info","message":"HTTP OUT","method":"PATCH","statusCode":200,"timestamp":"2025-09-15T14:15:08.197Z","url":"/api/v1/todo/update"}
{"ip":"::1","level":"info","message":"HTTP IN","method":"DELETE","timestamp":"2025-09-15T14:15:42.706Z","url":"/api/v1/todo/delete"}
{"durationMs":22.2,"level":"info","message":"HTTP OUT","method":"DELETE","statusCode":200,"timestamp":"2025-09-15T14:15:42.727Z","url":"/api/v1/todo/delete"}
{"ip":"::1","level":"info","message":"HTTP IN","method":"GET","timestamp":"2025-09-15T14:15:59.927Z","url":"/api/v1/todo/getTodo"}
{"durationMs":17.4,"level":"info","message":"HTTP OUT","method":"GET","statusCode":200,"timestamp":"2025-09-15T14:15:59.944Z","url":"/api/v1/todo/getTodo"}
{"level":"info","message":"Logger initialized","timestamp":"2025-09-15T14:16:10.917Z"}
{"level":"info","message":"Boot: starting app","timestamp":"2025-09-15T14:16:10.918Z"}
{"level":"info","message":"Boot: DB connected","timestamp":"2025-09-15T14:16:10.978Z"}
{"level":"info","message":"Boot: HTTP server listening","port":3000,"timestamp":"2025-09-15T14:16:10.979Z"}
{"ip":"::1","level":"info","message":"HTTP IN","method":"GET","timestamp":"2025-09-15T14:16:16.843Z","url":"/api/v1/todo/getTodo"}
{"durationMs":15,"level":"info","message":"HTTP OUT","method":"GET","statusCode":200,"timestamp":"2025-09-15T14:16:16.857Z","url":"/api/v1/todo/getTodo"}
